Server listening at port 3000
Server listening at port 3000
湖北卫视(24)电视剧：爱你一生(41、42)
湖北卫视(24)电视剧：爱你一生(41、42)
湖北卫视(24)电视剧：爱你一生(41、42)
湖北卫视(24)电视剧：爱你一生(41、42)
湖北卫视(24)电视剧：爱你一生(41、42)
湖北卫视(24)电视剧：爱你一生(41、42)
湖北卫视(24)电视剧：爱你一生(41、42)
湖北卫视(24)电视剧：爱你一生(41、42)
湖北卫视(24)电视剧：爱你一生(41、42)
湖北卫视(24)电视剧：爱你一生(41、42)
湖北卫视(24)电视剧：爱你一生(41、42)
湖北卫视(24)
湖北卫视(24)我爱我的祖国
湖北卫视(24)我爱我的祖国
湖北卫视(24)我爱我的祖国
abc
abc
abc
abc
abc
abc
abc
abc
abc
abc
abc
abc
abc
abc
abc
abc
abc
abc
abc
abc
abc
abc
abc
abc
abc
abc
abc
abc
abc
abc
abc
abc
aaa
abc
abc
abc
abc
abc
abc
abc
aaa
abc
aaa
aaa
aaa
aaa
aaa
aaa
abc
aaa
aaa
aaa
aaa
aaa
aaa
